<?xml version="1.0" encoding="UTF-8"?>
<testng-results ignored="0" total="2" passed="1" failed="1" skipped="0">
  <reporter-output>
  </reporter-output>
  <suite started-at="2019-08-29T15:15:16Z" name="Default suite" finished-at="2019-08-29T15:16:40Z" duration-ms="83659">
    <groups>
    </groups>
    <test started-at="2019-08-29T15:15:16Z" name="Default test" finished-at="2019-08-29T15:16:40Z" duration-ms="83659">
      <class name="com.atmecs.flightbooking.AutomateFlightBooking.AutomateSelectFlight">
        <test-method is-config="true" signature="setup()[pri:0, instance:com.atmecs.flightbooking.AutomateFlightBooking.AutomateSelectFlight@5ef60048]" started-at="2019-08-29T20:45:16Z" name="setup" finished-at="2019-08-29T20:45:26Z" duration-ms="10515" status="PASS">
          <reporter-output>
          </reporter-output>
        </test-method> <!-- setup -->
        <test-method signature="AutomateSelectFlight()[pri:0, instance:com.atmecs.flightbooking.AutomateFlightBooking.AutomateSelectFlight@5ef60048]" started-at="2019-08-29T20:45:26Z" name="AutomateSelectFlight" finished-at="2019-08-29T20:45:26Z" duration-ms="19" status="FAIL">
          <exception class="java.lang.IllegalArgumentException">
            <message>
              <![CDATA[Cannot find elements when name text is null.]]>
            </message>
            <full-stacktrace>
              <![CDATA[java.lang.IllegalArgumentException: Cannot find elements when name text is null.
	at org.openqa.selenium.By$ByName.<init>(By.java:267)
	at org.openqa.selenium.By.name(By.java:76)
	at com.atmecs.flightbooking.AutomateFlightBooking.AutomateSelectFlight.AutomateSelectFlight(AutomateSelectFlight.java:12)
	at java.base/jdk.internal.reflect.NativeMethodAccessorImpl.invoke0(Native Method)
	at java.base/jdk.internal.reflect.NativeMethodAccessorImpl.invoke(NativeMethodAccessorImpl.java:62)
	at java.base/jdk.internal.reflect.DelegatingMethodAccessorImpl.invoke(DelegatingMethodAccessorImpl.java:43)
	at java.base/java.lang.reflect.Method.invoke(Method.java:567)
	at org.testng.internal.MethodInvocationHelper.invokeMethod(MethodInvocationHelper.java:108)
	at org.testng.internal.Invoker.invokeMethod(Invoker.java:661)
	at org.testng.internal.Invoker.invokeTestMethod(Invoker.java:869)
	at org.testng.internal.Invoker.invokeTestMethods(Invoker.java:1193)
	at org.testng.internal.TestMethodWorker.invokeTestMethods(TestMethodWorker.java:126)
	at org.testng.internal.TestMethodWorker.run(TestMethodWorker.java:109)
	at org.testng.TestRunner.privateRun(TestRunner.java:744)
	at org.testng.TestRunner.run(TestRunner.java:602)
	at org.testng.SuiteRunner.runTest(SuiteRunner.java:380)
	at org.testng.SuiteRunner.runSequentially(SuiteRunner.java:375)
	at org.testng.SuiteRunner.privateRun(SuiteRunner.java:340)
	at org.testng.SuiteRunner.run(SuiteRunner.java:289)
	at org.testng.SuiteRunnerWorker.runSuite(SuiteRunnerWorker.java:52)
	at org.testng.SuiteRunnerWorker.run(SuiteRunnerWorker.java:86)
	at org.testng.TestNG.runSuitesSequentially(TestNG.java:1301)
	at org.testng.TestNG.runSuitesLocally(TestNG.java:1226)
	at org.testng.TestNG.runSuites(TestNG.java:1144)
	at org.testng.TestNG.run(TestNG.java:1115)
	at org.testng.remote.AbstractRemoteTestNG.run(AbstractRemoteTestNG.java:132)
	at org.testng.remote.RemoteTestNG.initAndRun(RemoteTestNG.java:230)
	at org.testng.remote.RemoteTestNG.main(RemoteTestNG.java:76)
]]>
            </full-stacktrace>
          </exception> <!-- java.lang.IllegalArgumentException -->
          <reporter-output>
          </reporter-output>
        </test-method> <!-- AutomateSelectFlight -->
        <test-method signature="AutomateLogin()[pri:0, instance:com.atmecs.flightbooking.AutomateFlightBooking.AutomateSelectFlight@5ef60048]" started-at="2019-08-29T20:45:26Z" name="AutomateLogin" finished-at="2019-08-29T20:46:40Z" duration-ms="73072" status="PASS">
          <reporter-output>
          </reporter-output>
        </test-method> <!-- AutomateLogin -->
      </class> <!-- com.atmecs.flightbooking.AutomateFlightBooking.AutomateSelectFlight -->
    </test> <!-- Default test -->
  </suite> <!-- Default suite -->
</testng-results>
